<HTML>
<HEAD>
<TITLE>leest1/(e),</TITLE>
</HEAD>
<BODY BGCOLOR=white>
<HR>
wbakewel/(d)/<p><PRE>
&gt;&gt;&gt;&gt; file: lab1d.py
# Wesley Bakewell 48936250 and Michael Gordon 50849145 ICS 31 Lab Section 1

def factorial (n: int) -&gt; int:
    ''' Compute n! (n factorial) '''
    if n &lt;= 0:
        return 1
    else:
        return n * factorial(n - 1)
assert factorial(0) == 1 
assert factorial(5) == 120 

print("10! is", factorial(120))
print("100! is", factorial(50*3))
&gt;&gt;&gt;&gt; file: lab1f.py
Python 3.4.1 (v3.4.1:c0e311e010fc, May 18 2014, 10:38:22) [MSC v.1600 32 bit (Intel)] on win32
Type "copyright", "credits" or "license()" for more information.
&gt;&gt;&gt; test_scores = ‘4325220523455023’
SyntaxError: invalid character in identifier
<A NAME="0"></A><FONT color = #FF0000><A HREF="match234-0.html#0" TARGET="0"><IMG SRC="../../bitmaps/tm_0_8.gif" ALT="other" BORDER="0" ALIGN=left></A>

&gt;&gt;&gt; test_scores = '4325220523455023'
&gt;&gt;&gt; test_scores[0]
'4'
&gt;&gt;&gt; test_scores[4]
'2'
&gt;&gt;&gt; test_scores[9]
'3'
&gt;&gt;&gt; test_scores[15]
'3'
&gt;&gt;&gt; s = 'anteater'
&gt;&gt;&gt; print(anteater[0] == 'a')
</FONT>Traceback (most recent call last):
  File "&lt;pyshell#7&gt;", line 1, in &lt;module&gt;
    print(anteater[0] == 'a')
NameError: name 'anteater' is not defined
&gt;&gt;&gt; print(s[0] == 'a')
True
&gt;&gt;&gt; print(s[7] == 'r')
True
&gt;&gt;&gt; print(s[3] == 'x')
False
&gt;&gt;&gt; print('zot' in [s[0],s[1],s[2]])
False
&gt;&gt;&gt; 
pi = 3.14159
&gt;&gt;&gt; make = 'Toyota'
&gt;&gt;&gt; model = 'Camry'
&gt;&gt;&gt; year = '2014'
&gt;&gt;&gt; ICS_majors = ['Computer Science', 'Informatics','Computer Game Sceince']
&gt;&gt;&gt; a = (3+5+7+9)/4
&gt;&gt;&gt; print((20+35)&gt;(2**4))
True
&gt;&gt;&gt; print('hello'!='goodbye')
True
&gt;&gt;&gt; print((10%3)=&lt;1)
SyntaxError: invalid syntax
&gt;&gt;&gt; print((10%3)&lt;=1)
True
&gt;&gt;&gt; len['apple', 'orange', 'banana', 'mango'] == 5
Traceback (most recent call last):
  File "&lt;pyshell#22&gt;", line 1, in &lt;module&gt;
    len['apple', 'orange', 'banana', 'mango'] == 5
TypeError: 'builtin_function_or_method' object is not subscriptable
&gt;&gt;&gt; fruits = ['apple', 'orange', 'banana', 'mango']
&gt;&gt;&gt; print(len(fruits) == 5)
False
<A NAME="1"></A><FONT color = #00FF00><A HREF="match234-0.html#1" TARGET="0"><IMG SRC="../../bitmaps/tm_1_6.gif" ALT="other" BORDER="0" ALIGN=left></A>

&gt;&gt;&gt; print(63%2==0)
False
&gt;&gt;&gt; s = 'abcdefghijklmnopqrstuvwxyz'
&gt;&gt;&gt; print(s[3]+s[14]+s[6])
dog
&gt;&gt;&gt; print(s[19]+s[21])
</FONT>tv
&gt;&gt;&gt; print(s[8]+s[2]+s[18])
ics
&gt;&gt;&gt; print(s[20]+s[2]+s[8])
uci
&gt;&gt;&gt; 
</PRE>
</PRE>
</BODY>
</HTML>
